<?xml version="1.0" encoding="UTF-8"?>
<!-- Generated by org.testng.reporters.JUnitXMLReporter -->
<testsuite hostname="TekArch" ignored="0" name="Default test" tests="6" failures="3" timestamp="21 Apr 2023 18:09:59 GMT" time="57.524" errors="0">
  <testcase name="runScenario" time="9.228" classname="io.cucumber.testng.AbstractTestNGCucumberTests"/>
  <testcase name="runScenario" time="4.273" classname="io.cucumber.testng.AbstractTestNGCucumberTests"/>
  <testcase name="runScenario" time="5.078" classname="io.cucumber.testng.AbstractTestNGCucumberTests"/>
  <testcase name="runScenario" time="15.605" classname="io.cucumber.testng.AbstractTestNGCucumberTests">
    <failure type="java.lang.NullPointerException">
      <![CDATA[java.lang.NullPointerException
	at org.openqa.selenium.support.pagefactory.DefaultElementLocator.findElement(DefaultElementLocator.java:69)
	at org.openqa.selenium.support.pagefactory.internal.LocatingElementHandler.invoke(LocatingElementHandler.java:38)
	at com.sun.proxy.$Proxy35.click(Unknown Source)
	at steps.LoginSteps.user_clicks_on_login_button(LoginSteps.java:61)
	at ✽.User clicks on login button(file:///C:/Users/user/eclipse-Mar23/Mar23SalesforceAutomation/src/main/java/features/LoginScenarios.feature:10)
]]>
    </failure>
  </testcase> <!-- runScenario -->
  <testcase name="runScenario" time="12.138" classname="io.cucumber.testng.AbstractTestNGCucumberTests">
    <failure type="java.lang.NullPointerException">
      <![CDATA[java.lang.NullPointerException
	at org.openqa.selenium.support.pagefactory.DefaultElementLocator.findElement(DefaultElementLocator.java:69)
	at org.openqa.selenium.support.pagefactory.internal.LocatingElementHandler.invoke(LocatingElementHandler.java:38)
	at com.sun.proxy.$Proxy35.click(Unknown Source)
	at steps.LoginSteps.user_clicks_on_login_button(LoginSteps.java:61)
	at ✽.User clicks on login button(file:///C:/Users/user/eclipse-Mar23/Mar23SalesforceAutomation/src/main/java/features/LoginScenarios.feature:10)
]]>
    </failure>
  </testcase> <!-- runScenario -->
  <testcase name="runScenario" time="8.661" classname="io.cucumber.testng.AbstractTestNGCucumberTests">
    <failure type="java.lang.NullPointerException">
      <![CDATA[java.lang.NullPointerException
	at org.openqa.selenium.support.pagefactory.DefaultElementLocator.findElement(DefaultElementLocator.java:69)
	at org.openqa.selenium.support.pagefactory.internal.LocatingElementHandler.invoke(LocatingElementHandler.java:38)
	at com.sun.proxy.$Proxy35.click(Unknown Source)
	at steps.LoginSteps.user_clicks_on_login_button(LoginSteps.java:61)
	at ✽.User clicks on login button(file:///C:/Users/user/eclipse-Mar23/Mar23SalesforceAutomation/src/main/java/features/LoginScenarios.feature:22)
]]>
    </failure>
  </testcase> <!-- runScenario -->
</testsuite> <!-- Default test -->
